<?xml version="1.0" encoding="UTF-8"?>
<robot generator="Robot 6.0 (Python 3.9.6 on darwin)" generated="20221110 14:57:05.558" rpa="false" schemaversion="3">
<suite id="s1" name="testCase 1" source="/Users/thinnapatmongkolthanachok/work/fame/robot-101/newStructure/feature_1/scenario_1/testCase_1.robot">
<test id="s1-t1" name="Test Upload File" line="18">
<kw name="Verify File Upload">
<tag>Regression</tag>
<kw name="Open Browser" library="Selenium2Library">
<arg>${UPLOAD.UPLOAD_URL}${UPLOAD.UPLOAD_PATH}</arg>
<arg>${BASE.BROWSER}</arg>
<doc>Opens a new browser instance to the optional ``url``.</doc>
<msg timestamp="20221110 14:57:05.638" level="INFO">Opening browser 'chrome' to base url 'https://the-internet.herokuapp.com/upload'.</msg>
<status status="PASS" starttime="20221110 14:57:05.637" endtime="20221110 14:57:10.939"/>
</kw>
<kw name="Wait Until Element Is Visible" library="Selenium2Library">
<arg>id:file-submit</arg>
<doc>Waits until the element ``locator`` is visible.</doc>
<status status="PASS" starttime="20221110 14:57:10.940" endtime="20221110 14:57:10.956"/>
</kw>
<kw name="Choose File" library="Selenium2Library">
<arg>${UPLOAD.CHOOSE_FILE_ID}</arg>
<arg>${UPLOAD.CHOOSE_FILE_URL}</arg>
<doc>Inputs the ``file_path`` into the file input field ``locator``.</doc>
<msg timestamp="20221110 14:57:10.957" level="INFO">Sending /Users/thinnapatmongkolthanachok/Downloads/temp.jpg to browser.</msg>
<status status="PASS" starttime="20221110 14:57:10.956" endtime="20221110 14:57:10.984"/>
</kw>
<kw name="Click Element" library="Selenium2Library">
<arg>id:file-submit</arg>
<doc>Click the element identified by ``locator``.</doc>
<msg timestamp="20221110 14:57:10.985" level="INFO">Clicking element 'id:file-submit'.</msg>
<status status="PASS" starttime="20221110 14:57:10.984" endtime="20221110 14:57:13.493"/>
</kw>
<kw name="Element Text Should Be" library="Selenium2Library">
<arg>tag:h3</arg>
<arg>File Uploaded!</arg>
<doc>Verifies that element ``locator`` contains exact the text ``expected``.</doc>
<msg timestamp="20221110 14:57:13.493" level="INFO">Verifying element 'tag:h3' contains exact text 'File Uploaded!'.</msg>
<status status="PASS" starttime="20221110 14:57:13.493" endtime="20221110 14:57:13.506"/>
</kw>
<kw name="Element Text Should Be" library="Selenium2Library">
<arg>id:uploaded-files</arg>
<arg>temp.jpg</arg>
<doc>Verifies that element ``locator`` contains exact the text ``expected``.</doc>
<msg timestamp="20221110 14:57:13.507" level="INFO">Verifying element 'id:uploaded-files' contains exact text 'temp.jpg'.</msg>
<status status="PASS" starttime="20221110 14:57:13.506" endtime="20221110 14:57:13.518"/>
</kw>
<kw name="Close Browser" library="Selenium2Library">
<doc>Closes the current browser.</doc>
<status status="PASS" starttime="20221110 14:57:13.518" endtime="20221110 14:57:13.582"/>
</kw>
<status status="PASS" starttime="20221110 14:57:05.637" endtime="20221110 14:57:13.582"/>
</kw>
<status status="PASS" starttime="20221110 14:57:05.637" endtime="20221110 14:57:13.582"/>
</test>
<status status="PASS" starttime="20221110 14:57:05.559" endtime="20221110 14:57:13.583"/>
</suite>
<statistics>
<total>
<stat pass="1" fail="0" skip="0">All Tests</stat>
</total>
<tag>
</tag>
<suite>
<stat pass="1" fail="0" skip="0" id="s1" name="testCase 1">testCase 1</stat>
</suite>
</statistics>
<errors>
</errors>
</robot>
