<?xml version="1.0" encoding="UTF-8"?>
<robot generator="Robot 6.0 (Python 3.9.6 on darwin)" generated="20221114 23:35:00.100" rpa="false" schemaversion="3">
<suite id="s1" name="firstScenario" source="/Users/pinpinn/robot-101/RemoteSelling/tests/firstScenario.robot">
<test id="s1-t1" name="Test Upload File" line="17">
<kw name="Go to Browser" library="keywords">
<kw name="Open Browser" library="Selenium2Library">
<arg>${BASE.BASE_URL}</arg>
<arg>${BASE.BROWSER}</arg>
<doc>Opens a new browser instance to the optional ``url``.</doc>
<msg timestamp="20221114 23:35:00.360" level="INFO">Opening browser 'chrome' to base url 'https://frontend-az.uat.krungthai-axa.co.th/advisors/quote/portal'.</msg>
<status status="PASS" starttime="20221114 23:35:00.359" endtime="20221114 23:35:14.806"/>
</kw>
<status status="PASS" starttime="20221114 23:35:00.359" endtime="20221114 23:35:14.806"/>
</kw>
<kw name="Verify File Upload">
<kw name="Wait Until Element Is Visible" library="Selenium2Library">
<arg>${MENU.AZ_TITLE}</arg>
<doc>Waits until the element ``locator`` is visible.</doc>
<status status="PASS" starttime="20221114 23:35:14.807" endtime="20221114 23:35:18.316"/>
</kw>
<kw name="Click Element" library="Selenium2Library">
<arg>${MENU.REMOTE_SELLING_BTN}</arg>
<doc>Click the element identified by ``locator``.</doc>
<msg timestamp="20221114 23:35:18.317" level="INFO">Clicking element 'xpath://*[contains(text(),'Remote Selling')]'.</msg>
<status status="PASS" starttime="20221114 23:35:18.316" endtime="20221114 23:35:18.416"/>
</kw>
<kw name="${handles}= Get Window Handles">
<msg timestamp="20221114 23:35:18.421" level="FAIL">No keyword with name '${handles}= Get Window Handles' found.</msg>
<status status="FAIL" starttime="20221114 23:35:18.421" endtime="20221114 23:35:18.421"/>
</kw>
<kw name="Switch Window" library="Selenium2Library">
<arg>${handles}[1]</arg>
<doc>Switches to browser window matching ``locator``.</doc>
<status status="NOT RUN" starttime="20221114 23:35:18.421" endtime="20221114 23:35:18.421"/>
</kw>
<kw name="Wait Until Element Is Visible" library="Selenium2Library">
<arg>${LOGIN.LOGIN_HEADER}</arg>
<doc>Waits until the element ``locator`` is visible.</doc>
<status status="NOT RUN" starttime="20221114 23:35:18.421" endtime="20221114 23:35:18.421"/>
</kw>
<kw name="Click Link" library="Selenium2Library">
<arg>${LOGIN.LOGIN_OPION}</arg>
<doc>Clicks a link identified by ``locator``.</doc>
<status status="NOT RUN" starttime="20221114 23:35:18.421" endtime="20221114 23:35:18.422"/>
</kw>
<status status="FAIL" starttime="20221114 23:35:14.807" endtime="20221114 23:35:18.422"/>
</kw>
<kw name="Close the Browser" library="keywords">
<status status="NOT RUN" starttime="20221114 23:35:18.422" endtime="20221114 23:35:18.422"/>
</kw>
<status status="FAIL" starttime="20221114 23:35:00.358" endtime="20221114 23:35:18.423">No keyword with name '${handles}= Get Window Handles' found.</status>
</test>
<status status="FAIL" starttime="20221114 23:35:00.102" endtime="20221114 23:35:18.424"/>
</suite>
<statistics>
<total>
<stat pass="0" fail="1" skip="0">All Tests</stat>
</total>
<tag>
</tag>
<suite>
<stat pass="0" fail="1" skip="0" id="s1" name="firstScenario">firstScenario</stat>
</suite>
</statistics>
<errors>
</errors>
</robot>
