<?xml version="1.0" encoding="UTF-8"?>
<robot generator="Robot 6.0 (Python 3.9.6 on darwin)" generated="20221103 17:51:18.137" rpa="false" schemaversion="3">
<suite id="s1" name="Test" source="/Users/thinnapatmongkolthanachok/work/appman/test_selenium/test.robot">
<test id="s1-t1" name="Test Open Browser" line="29">
<kw name="Verify File Upload">
<tag>Regression</tag>
<kw name="Open Browser" library="Selenium2Library">
<arg>${UPLOAD.UPLOAD_URL}${UPLOAD.UPLOAD_PATH}</arg>
<arg>${BASE.CHROME_BROWSER}</arg>
<doc>Opens a new browser instance to the optional ``url``.</doc>
<msg timestamp="20221103 17:51:18.221" level="INFO">Opening browser 'chrome' to base url 'https://the-internet.herokuapp.com/upload'.</msg>
<status status="PASS" starttime="20221103 17:51:18.220" endtime="20221103 17:51:29.872"/>
</kw>
<kw name="Wait Until Element Is Visible" library="Selenium2Library">
<arg>id:file-submit</arg>
<doc>Waits until the element ``locator`` is visible.</doc>
<status status="PASS" starttime="20221103 17:51:29.872" endtime="20221103 17:51:29.892"/>
</kw>
<kw name="Choose File" library="Selenium2Library">
<arg>${UPLOAD.CHOOSE_FILE_ID}</arg>
<arg>${UPLOAD.CHOOSE_FILE_URL}</arg>
<doc>Inputs the ``file_path`` into the file input field ``locator``.</doc>
<msg timestamp="20221103 17:51:29.893" level="INFO">Sending /Users/thinnapatmongkolthanachok/Downloads/temp.jpg to browser.</msg>
<status status="PASS" starttime="20221103 17:51:29.892" endtime="20221103 17:51:29.918"/>
</kw>
<kw name="Click Element" library="Selenium2Library">
<arg>id:file-submit</arg>
<doc>Click the element identified by ``locator``.</doc>
<msg timestamp="20221103 17:51:29.919" level="INFO">Clicking element 'id:file-submit'.</msg>
<status status="PASS" starttime="20221103 17:51:29.919" endtime="20221103 17:51:38.584"/>
</kw>
<kw name="Element Text Should Be" library="Selenium2Library">
<arg>tag:h3</arg>
<arg>File Uploaded!</arg>
<doc>Verifies that element ``locator`` contains exact the text ``expected``.</doc>
<msg timestamp="20221103 17:51:38.585" level="INFO">Verifying element 'tag:h3' contains exact text 'File Uploaded!'.</msg>
<status status="PASS" starttime="20221103 17:51:38.584" endtime="20221103 17:51:38.600"/>
</kw>
<kw name="Element Text Should Be" library="Selenium2Library">
<arg>id:uploaded-files</arg>
<arg>temp.jpg</arg>
<doc>Verifies that element ``locator`` contains exact the text ``expected``.</doc>
<msg timestamp="20221103 17:51:38.601" level="INFO">Verifying element 'id:uploaded-files' contains exact text 'temp.jpg'.</msg>
<status status="PASS" starttime="20221103 17:51:38.600" endtime="20221103 17:51:38.616"/>
</kw>
<kw name="Close Browser" library="Selenium2Library">
<doc>Closes the current browser.</doc>
<status status="PASS" starttime="20221103 17:51:38.616" endtime="20221103 17:51:38.678"/>
</kw>
<status status="PASS" starttime="20221103 17:51:18.220" endtime="20221103 17:51:38.678"/>
</kw>
<status status="PASS" starttime="20221103 17:51:18.220" endtime="20221103 17:51:38.678"/>
</test>
<status status="PASS" starttime="20221103 17:51:18.138" endtime="20221103 17:51:38.679"/>
</suite>
<statistics>
<total>
<stat pass="1" fail="0" skip="0">All Tests</stat>
</total>
<tag>
</tag>
<suite>
<stat pass="1" fail="0" skip="0" id="s1" name="Test">Test</stat>
</suite>
</statistics>
<errors>
</errors>
</robot>
